-------------------------------------------------------------------------------
Test set: io.factorialsystems.store.MultitenantStoreApplicationTests
-------------------------------------------------------------------------------
Tests run: 1, Failures: 0, Errors: 1, Skipped: 0, Time elapsed: 2.318 s <<< FAILURE! - in io.factorialsystems.store.MultitenantStoreApplicationTests
contextLoads  Time elapsed: 0.003 s  <<< ERROR!
java.lang.IllegalStateException: Failed to load ApplicationContext
Caused by: org.springframework.beans.factory.UnsatisfiedDependencyException: Error creating bean with name 'webSecurityConfiguration' defined in file [/Users/adebola/dev/tutorials/java-spring/store/target/classes/io/factorialsystems/store/config/WebSecurityConfiguration.class]: Unsatisfied dependency expressed through constructor parameter 2; nested exception is org.springframework.beans.factory.BeanCreationException: Error creating bean with name 'jwtUtils': Injection of autowired dependencies failed; nested exception is java.lang.IllegalArgumentException: Could not resolve placeholder 'spring.app.jwtSecret' in value "${spring.app.jwtSecret}"
Caused by: org.springframework.beans.factory.BeanCreationException: Error creating bean with name 'jwtUtils': Injection of autowired dependencies failed; nested exception is java.lang.IllegalArgumentException: Could not resolve placeholder 'spring.app.jwtSecret' in value "${spring.app.jwtSecret}"
Caused by: java.lang.IllegalArgumentException: Could not resolve placeholder 'spring.app.jwtSecret' in value "${spring.app.jwtSecret}"

